<?xml version="1.0" encoding="UTF-8"?>
<!-- Generated by org.testng.reporters.JUnitReportReporter -->
<testsuite hostname="GDC-KAMALDEEPS-LPT" name="One.result" tests="1" failures="0" timestamp="30 Apr 2017 08:11:04 GMT" time="0.343" errors="0">
  <testcase name="a" time="0.343" classname="One.result"/>
</testsuite> <!-- One.result -->
